   JENDL-5  Li-  6                                                7000 0  0    0
 3006.00000 5.96345000         -1          0          6          1 325 1451    1
 0.0        0.0                 0          0          0          6 325 1451    2
 3.96821900 15000000.0          0          0      20040          5 325 1451    3
 0.0        0.0                 1          0        153          9 325 1451    4
  3-Li-  6 JAEA       EVAL-Dec21 S.Nakayama                        325 1451    5
                      DIST-DEC21                       20211227    325 1451    6
----JENDL-5           MATERIAL  325                                325 1451    7
-----INCIDENT ALPHA DATA                                           325 1451    8
------ENDF-6 FORMAT                                                325 1451    9
                                                                   325 1451   10
History                                                            325 1451   11
2021-12 Evaluated and compiled by S.Nakayama                       325 1451   12
                                                                   325 1451   13
      ******************************************************       325 1451   14
      *                                                    *       325 1451   15
      *                  ---  JENDL-5  ---                 *       325 1451   16
      *                                                    *       325 1451   17
      *       Alpha-particle sublibrary up to 15 MeV       *       325 1451   18
      *                                                    *       325 1451   19
      ******************************************************       325 1451   20
                                                                   325 1451   21
MF= 1 General information                                          325 1451   22
  MT=451 Descriptive data and directory                            325 1451   23
                                                                   325 1451   24
MF= 3 Cross sections                                               325 1451   25
  MT=  2 Elastic scattering                                        325 1451   26
         (nuclear+interference components)                         325 1451   27
    Calculated with the CCONE code /1/.                            325 1451   28
                                                                   325 1451   29
  MT=  5 Reactions other than neutron emission channels            325 1451   30
    Calculated with the CCONE code /1/.                            325 1451   31
                                                                   325 1451   32
  MT= 45 (a,npa) reaction                                          325 1451   33
    Sum of MT=22, 28, 91 of JENDL/AN-2005 /2/.                     325 1451   34
                                                                   325 1451   35
  MT=50-53 (a,n') reaction                                         325 1451   36
    Taken from JENDL/AN-2005 /2/.                                  325 1451   37
                                                                   325 1451   38
  MT=201 (a,xn) reaction                                           325 1451   39
    Taken from JENDL/AN-2005 /2/.                                  325 1451   40
                                                                   325 1451   41
MF= 6 Energy-angle distributions of emitted particles              325 1451   42
  MT=  2 Elastic scattering                                        325 1451   43
         (nuclear+interference components)                         325 1451   44
    Calculated with the CCONE code /1/.                            325 1451   45
                                                                   325 1451   46
  MT=  5 Reactions other than neutron emission channels            325 1451   47
    Calculated with the CCONE code /1/.                            325 1451   48
                                                                   325 1451   49
  MT= 45 (a,npa) reaction                                          325 1451   50
    Calculated with the CCONE code /1/.                            325 1451   51
                                                                   325 1451   52
  MT=50-53 (a,n') reaction                                         325 1451   53
    Calculated with the CCONE code /1/.                            325 1451   54
                                                                   325 1451   55
References                                                         325 1451   56
 1) O.Iwamoto, J. Nucl. Sci. Technol., 44, 687 (2007)              325 1451   57
 2) T.Murata et al., JAEA-Research 2006-052 (2006)                 325 1451   58
                                                                   325 1451   59
------------------( Comments from JENDL/AN-2005 )----------------- 325 1451   60
                                                                   325 1451   61
History                                                            325 1451   62
02-09 Compiled by K.Shibata(JAERI).                                325 1451   63
05-05 Taken from JENDL/AN-2003 without modifications.              325 1451   64
                                                                   325 1451   65
MF=1   General Information                                         325 1451   66
 MT=451 Descriptive Data                                           325 1451   67
    The neutron emission reaction channels for incident alpha      325 1451   68
    particle energy below 15 MeV are given in the following table. 325 1451   69
                                                                   325 1451   70
   Reaction    Q-value (MeV)     Threshold Energy (MeV)            325 1451   71
    (a,n)       -3.974                 6.621                       325 1451   72
    (a,pn)      -3.791                 6.313                       325 1451   73
    (a,a'n)     -5.664                 9.433                       325 1451   74
                                                                   325 1451   75
MF=3   Cross Sections                                              325 1451   76
 MT=201 Neutron Production Cross Section                           325 1451   77
    Mehta et al./1/ measured a relative excitation function at     325 1451   78
    forward angle (0+/-15deg.). They also measured angular dstri-  325 1451   79
    butions of neutrons at Ea=10,12 and 14 MeV. The angular dist-  325 1451   80
    ributions were well reproduced by calculation with a modified  325 1451   81
    EXIFON code (named "mEXIFON")/2/ using Kalbach's systematics   325 1451   82
    /3/ assuming the (a,n) reaction is caused by the multistep     325 1451   83
    compound process and the (a,pn) reaction is by multistep       325 1451   84
    direct process. Presumably the ground state of Li-6 has large  325 1451   85
    component of He-4+deuteron, and the deuteron dissociate into   325 1451   86
    n+p by direct recoil caused by incident alpha particle.        325 1451   87
    The experimental forward angle excitation function was con-    325 1451   88
    verted to the angle integrated excitation function using the   325 1451   89
    calculated angular distributions. The absolute cross section   325 1451   90
    was determined to reproduce the experimental thick target      325 1451   91
    neutron yield measured by Bair and Gomez del Campo/4/. Thick   325 1451   92
    target neutron yield was calculated using alpha particle stop- 325 1451   93
    ping power given by Ziegler/5/.                                325 1451   94
                                                                   325 1451   95
 MT=4, 22, 28   (a,n), (a,a'n), (a,pn)                             325 1451   96
    The ratio of each cross section of neutron emission to         325 1451   97
    neutron production cross section was calculated with the mEXI- 325 1451   98
    FON code and each cross section was calculated by multiplying  325 1451   99
    the ratio to the evaluated neutron production cross section.   325 1451  100
                                                                   325 1451  101
 MT=50, 51, 52, 53, 91  (a,n0), (a,n1), (a,n2), (a,n3), (a,nc)     325 1451  102
    The ratios of partial (a,ni) cross section to (a,n) cross      325 1451  103
    section were calculated with a statistical model code of       325 1451  104
    Hauser-Feshbach type and partial cross sections were obtained  325 1451  105
    by multiplying the ratio to the evaluated (a,n) cross section  325 1451  106
    for the following levels of B-9.                               325 1451  107
                                                                   325 1451  108
             Level     Ex(MeV)   Spin-Parity                       325 1451  109
              GS       0.0          3/2-                           325 1451  110
              1st      1.6          1/2+                           325 1451  111
              2nd      2.361        5/2-                           325 1451  112
              3rd      2.788        5/2+                           325 1451  113
                                                                   325 1451  114
        The levels above 4.8 MeV are assumed to be continuum.      325 1451  115
                                                                   325 1451  116
MF=6   Neutron Energy-angle Distributions (law=1, lang=2)          325 1451  117
 MT=4, 22, 28                                                      325 1451  118
    Emitted neutron contineous energy spectrum were calculated     325 1451  119
    with the mEXIFON code for each reaction. Multistep direct      325 1451  120
    reaction ratios of Kalbach's systematics are also given.       325 1451  121
                                                                   325 1451  122
References                                                         325 1451  123
/1/M.K.Mehta,W.E.Hunt,H.S.Plendl,R.H.Davis:Nucl.Phys.48,90(1963)   325 1451  124
/2/T.Murata:JAERI-Conf 97-005,p.286                                325 1451  125
   original EXIFON code developed by H.Kalka:Z.Phys.A341,289(1992) 325 1451  126
/3/C.Kalbach:Phys.Rev.C37,2350(1988)                               325 1451  127
/4/J.K.Bair,J.Gomez del Campo:Nucl.Sci.Eng.71,18(1979)             325 1451  128
/5/J.F.Ziegler:"Helium:stopping powers and ranges in all           325 1451  129
   elements", Pergamon Press,1977                                  325 1451  130
                                                                   325 1451  131
                                                                   325 1451  132
                                                                   325 1451  133
 ***************** Program ENDF2C (Version 2023-1) *************** 325 1451  134
     Convert ENDF Data to Standard FORTRAN, C and C++ Format       325 1451  135
 ***************** Program LINEAR (VERSION 2023-1) *************** 325 1451  136
 For All Data Greater than 1.0000E-30 barns in Absolute Value      325 1451  137
 Data Linearized to Within an Accuracy of .100000000 per-cent      325 1451  138
 ***************** Program LINEAR (VERSION 2023-1) *************** 325 1451  139
 For All Data Greater than 1.0000E-30 barns in Absolute Value      325 1451  140
 Data Linearized to Within an Accuracy of .100000000 per-cent      325 1451  141
 ***************** Program FIXUP (Version 2023-1) **************** 325 1451  142
 Corrected ZA/AWR in All Sections-----------------------------Yes  325 1451  143
 Corrected Thresholds-----------------------------------------No   325 1451  144
 Extended Cross Sections to 20 MeV----------------------------No   325 1451  145
 Allow Cross Section Deletion---------------------------------No   325 1451  146
 Allow Cross Section Reconstruction---------------------------Yes  325 1451  147
 Make All Cross Sections Non-Negative-------------------------Yes  325 1451  148
 Delete Energies Not in Ascending Order-----------------------Yes  325 1451  149
 Deleted Duplicate Points-------------------------------------Yes  325 1451  150
 Check for Ascending MAT/MF/MT Order--------------------------Yes  325 1451  151
 Check for Legal MF/MT Numbers--------------------------------Yes  325 1451  152
 Allow Creation of Missing Sections---------------------------No   325 1451  153
 Allow Insertion of Energy Points-----------------------------No   325 1451  154
 Uniform Energy Grid for ALL MT-------------------------------No   325 1451  155
 Delete Section if Cross Section =0 at All Energies-----------Yes  325 1451  156
 **************** Program DICTIN (VERSION 2023-1) **************** 325 1451  157
                                1        451        166          1 325 1451  158
                                3          2         14          1 325 1451  159
                                3          5         12          1 325 1451  160
                                3         45         22          0 325 1451  161
                                3         50         27          0 325 1451  162
                                3         51         20          0 325 1451  163
                                3         52         15          0 325 1451  164
                                3         53         13          0 325 1451  165
                                3        201         27          0 325 1451  166
                                                                   325 1  099999
                                                                   325 0  0    0
 3006.00000 5.96345000          0          0          0          0 325 3  2    1
 0.0        0.0                 0          0          1         31 325 3  2    2
         31          2                                             325 3  2    3
 500000.000 0.0        1000000.00 1.93396E-4 1500000.00 0.0        325 3  2    4
 2000000.00 .038927260 2500000.00 .053372770 3000000.00 .002773518 325 3  2    5
 3500000.00 0.0        3640615.00 0.0        4000000.00 0.0        325 3  2    6
 4500000.00 0.0        5000000.00 0.0        5500000.00 0.0        325 3  2    7
 6000000.00 0.0        6500000.00 0.0        7000000.00 0.0        325 3  2    8
 7500000.00 0.0        8000000.00 0.0        8500000.00 0.0        325 3  2    9
 9000000.00 0.0        9500000.00 0.0        10000000.0 0.0        325 3  2   10
 10500000.0 0.0        11000000.0 0.0        11500000.0 0.0        325 3  2   11
 12000000.0 0.0        12500000.0 0.0        13000000.0 0.0        325 3  2   12
 13500000.0 0.0        14000000.0 0.0        14500000.0 0.0        325 3  2   13
 15000000.0 0.0                                                    325 3  2   14
                                                                   325 3  099999
 3006.00000 5.96345000          0          0          0          0 325 3  5    1
 0.0        0.0                 0          0          1         27 325 3  5    2
         27          2                                             325 3  5    3
 500000.000 9.62536E-7 1000000.00 8.56349E-7 1500000.00 8.15881E-7 325 3  5    4
 2000000.00 8.26046E-7 2500000.00 8.76438E-7 3000000.00 .002633275 325 3  5    5
 3500000.00 .039491740 3640615.00 .052306520 4000000.00 .092789170 325 3  5    6
 4500000.00 .161024200 5000000.00 .250045000 5500000.00 .452529600 325 3  5    7
 6000000.00 .526206800 6500000.00 .576178900 7000000.00 .630431500 325 3  5    8
 7500000.00 .664617200 8000000.00 .691447700 9000000.00 .752988800 325 3  5    9
 9500000.00 .786225000 10000000.0 .808763900 11000000.0 .843542600 325 3  5   10
 11500000.0 .857522500 12000000.0 .868121800 13000000.0 .881343900 325 3  5   11
 13500000.0 .885165100 14000000.0 .886955700 15000000.0 .884772700 325 3  5   12
                                                                   325 3  099999
 3006.00000 5.96345000          0          0          0          0 325 3 45    1
-3698324.00-3698324.00          0          0          1         55 325 3 45    2
         55          2                                             325 3 45    3
 6313170.00 0.0        8600000.00 1.5642E-10 8700000.00 9.7299E-10 325 3 45    4
 8800000.00 6.04860E-9 8900000.00 3.74570E-8 9000000.00 2.30330E-7 325 3 45    5
 9100000.00 1.45070E-6 9200000.00 9.03430E-6 9300000.00 5.56080E-5 325 3 45    6
 9400000.00 3.37080E-4 9500000.00 .001984400 9600000.00 .007408200 325 3 45    7
 9700000.00 .022021000 9800000.00 .041874000 9900000.00 .054529000 325 3 45    8
 10000000.0 .059583000 10100000.0 .060490000 10200000.0 .060224000 325 3 45    9
 10300000.0 .059458000 10400000.0 .058856000 10500000.0 .058104000 325 3 45   10
 10700000.0 .059919000 10900000.0 .062537000 11000000.0 .063654000 325 3 45   11
 11100000.0 .064241000 11200000.0 .063933000 11300000.0 .063097000 325 3 45   12
 11500000.0 .059887000 11600000.0 .059107000 11700000.0 .058825000 325 3 45   13
 11800000.0 .059006000 11900000.0 .059450000 12000000.0 .059649000 325 3 45   14
 12100000.0 .058445000 12300000.0 .055483000 12500000.0 .053196190 325 3 45   15
 12700000.0 .052887400 12800000.0 .052949590 12900000.0 .053178870 325 3 45   16
 13100000.0 .054059610 13200000.0 .054674320 13300000.0 .055454860 325 3 45   17
 13400000.0 .056059120 13500000.0 .056319760 13600000.0 .056710610 325 3 45   18
 13800000.0 .056824820 13900000.0 .056973860 14000000.0 .057269620 325 3 45   19
 14100000.0 .057425790 14200000.0 .057701090 14400000.0 .058566200 325 3 45   20
 14500000.0 .059105990 14615400.0 .060400370 14900000.0 .064812710 325 3 45   21
 15000000.0 .067113370                                             325 3 45   22
                                                                   325 3  099999
 3006.00000 5.96345000          0          0          0          0 325 3 50    1
-3975800.00-3975800.00          0          0          1         71 325 3 50    2
         71          2                                             325 3 50    3
 6621390.00 0.0        6800000.00 4.49660E-5 6900000.00 .008644000 325 3 50    4
 7000000.00 .011119000 7100000.00 .013771000 7200000.00 .016632000 325 3 50    5
 7300000.00 .019672000 7500000.00 .025923000 7600000.00 .028845000 325 3 50    6
 7700000.00 .031431000 7800000.00 .033597000 7900000.00 .035347000 325 3 50    7
 8000000.00 .036781000 8200000.00 .039308000 8300000.00 .040722000 325 3 50    8
 8400000.00 .042391000 8500000.00 .044366000 8600000.00 .046636000 325 3 50    9
 8900000.00 .054260000 9000000.00 .056512000 9100000.00 .058354000 325 3 50   10
 9200000.00 .059578000 9300000.00 .060121000 9400000.00 .059749000 325 3 50   11
 9500000.00 .057401000 9600000.00 .050985000 9700000.00 .032451000 325 3 50   12
 9800000.00 .013033000 9900000.00 .004025200 10000000.0 .001043100 325 3 50   13
 10100000.0 .001408300 10200000.0 .001864700 10300000.0 .002451000 325 3 50   14
 10400000.0 .003230000 10500000.0 .004249200 10600000.0 .004630800 325 3 50   15
 10700000.0 .005049600 10800000.0 .005546600 10900000.0 .005505100 325 3 50   16
 11000000.0 .005386200 11100000.0 .005997100 11200000.0 .006583700 325 3 50   17
 11300000.0 .007200400 11400000.0 .007779200 11500000.0 .007863100 325 3 50   18
 11600000.0 .007446600 11700000.0 .007582200 11800000.0 .007779600 325 3 50   19
 11900000.0 .008029700 12000000.0 .008252100 12100000.0 .008570500 325 3 50   20
 12300000.0 .009163500 12500000.0 .009896100 12600000.0 .009983700 325 3 50   21
 12700000.0 .010094000 12800000.0 .010241000 12900000.0 .010415000 325 3 50   22
 13000000.0 .010630000 13100000.0 .011046000 13200000.0 .011509000 325 3 50   23
 13400000.0 .012484000 13500000.0 .012880000 13600000.0 .012869000 325 3 50   24
 13800000.0 .012683000 13900000.0 .012640000 14000000.0 .012628000 325 3 50   25
 14200000.0 .012957000 14500000.0 .013542000 14600000.0 .013539000 325 3 50   26
 14800000.0 .013593000 15000000.0 .012837000                       325 3 50   27
                                                                   325 3  099999
 3006.00000 5.96345000          0          0          0          0 325 3 51    1
-3975800.00-5575800.00          0          0          1         50 325 3 51    2
         50          2                                             325 3 51    3
 9286070.00 0.0        9500000.00 2.66920E-4 9600000.00 4.76400E-4 325 3 51    4
 9700000.00 .004116800 9800000.00 .003588600 9900000.00 .001148900 325 3 51    5
 10000000.0 3.08410E-4 10100000.0 4.24950E-4 10200000.0 5.74090E-4 325 3 51    6
 10300000.0 7.66160E-4 10400000.0 .001025000 10500000.0 .001363600 325 3 51    7
 10600000.0 .001502700 10700000.0 .001645300 10800000.0 .001814500 325 3 51    8
 10900000.0 .001815600 11000000.0 .001794200 11100000.0 .002001700 325 3 51    9
 11200000.0 .002201900 11300000.0 .002417000 11400000.0 .002620800 325 3 51   10
 11500000.0 .002662400 11600000.0 .002536000 11700000.0 .002613300 325 3 51   11
 11900000.0 .002810300 12000000.0 .002897400 12100000.0 .003023000 325 3 51   12
 12200000.0 .003140100 12300000.0 .003266100 12400000.0 .003417800 325 3 51   13
 12500000.0 .003587300 12600000.0 .003659600 12700000.0 .003721100 325 3 51   14
 12800000.0 .003797200 12900000.0 .003886500 13000000.0 .003992100 325 3 51   15
 13100000.0 .004178900 13200000.0 .004386400 13400000.0 .004857800 325 3 51   16
 13500000.0 .005052600 13600000.0 .005089900 13700000.0 .005094800 325 3 51   17
 13800000.0 .005090100 13900000.0 .005113100 14000000.0 .005149100 325 3 51   18
 14100000.0 .005263300 14500000.0 .005773000 14600000.0 .005813100 325 3 51   19
 14800000.0 .005925100 15000000.0 .005689500                       325 3 51   20
                                                                   325 3  099999
 3006.00000 5.96345000          0          0          0          0 325 3 52    1
-3975800.00-6336800.00          0          0          1         34 325 3 52    2
         34          2                                             325 3 52    3
 10553500.0 0.0        10800000.0 5.9080E-11 10900000.0 7.61330E-4 325 3 52    4
 11000000.0 .001666800 11100000.0 .001956900 11200000.0 .002261600 325 3 52    5
 11400000.0 .002815100 11500000.0 .002913400 11600000.0 .002833700 325 3 52    6
 11700000.0 .002947600 11800000.0 .003089900 12000000.0 .003407300 325 3 52    7
 12200000.0 .003794500 12300000.0 .003959100 12400000.0 .004155900 325 3 52    8
 12500000.0 .004374100 12600000.0 .004474800 12700000.0 .004606100 325 3 52    9
 12800000.0 .004757800 12900000.0 .004942800 13000000.0 .005152400 325 3 52   10
 13100000.0 .005426300 13200000.0 .005729800 13400000.0 .006393400 325 3 52   11
 13500000.0 .006713300 13600000.0 .006827000 13900000.0 .007085800 325 3 52   12
 14000000.0 .007192100 14100000.0 .007384600 14200000.0 .007595900 325 3 52   13
 14400000.0 .008098500 14500000.0 .008376500 14800000.0 .008857300 325 3 52   14
 15000000.0 .008594400                                             325 3 52   15
                                                                   325 3  099999
 3006.00000 5.96345000          0          0          0          0 325 3 53    1
-3975800.00-6763800.00          0          0          1         28 325 3 53    2
         28          2                                             325 3 53    3
 11264600.0 0.0        11500000.0 9.05150E-4 11600000.0 .001851000 325 3 53    4
 11700000.0 .001980400 11800000.0 .002132700 12200000.0 .002852900 325 3 53    5
 12300000.0 .003023500 12400000.0 .003222600 12500000.0 .003437100 325 3 53    6
 12600000.0 .003562000 12700000.0 .003674700 12800000.0 .003804000 325 3 53    7
 12900000.0 .003943300 13000000.0 .004101900 13100000.0 .004320000 325 3 53    8
 13200000.0 .004561900 13500000.0 .005413300 13600000.0 .005532500 325 3 53    9
 13800000.0 .005708800 13900000.0 .005771200 14000000.0 .005848600 325 3 53   10
 14100000.0 .006024400 14200000.0 .006216300 14400000.0 .006674000 325 3 53   11
 14500000.0 .006931100 14600000.0 .007089700 14800000.0 .007339400 325 3 53   12
 15000000.0 .007165600                                             325 3 53   13
                                                                   325 3  099999
 3006.00000 5.96345000          0          0          0          0 325 3201    1
-3790730.00-3790730.00          0          0          1         72 325 3201    2
         72          2                                             325 3201    3
 6313170.00 0.0        6621390.00 2.1082E-11 6800000.00 4.49660E-5 325 3201    4
 6900000.00 .008644000 7000000.00 .011119000 7100000.00 .013771000 325 3201    5
 7200000.00 .016632000 7300000.00 .019672000 7500000.00 .025923000 325 3201    6
 7600000.00 .028845000 7700000.00 .031431000 7800000.00 .033597000 325 3201    7
 7900000.00 .035347000 8000000.00 .036781000 8200000.00 .039308000 325 3201    8
 8300000.00 .040722000 8400000.00 .042391000 8500000.00 .044366000 325 3201    9
 8600000.00 .046636000 8900000.00 .054260040 9000000.00 .056512230 325 3201   10
 9100000.00 .058355450 9200000.00 .059587030 9300000.00 .060193990 325 3201   11
 9400000.00 .060228230 9500000.00 .059652320 9600000.00 .058869600 325 3201   12
 9700000.00 .058588800 9800000.00 .058495600 10000000.0 .060934510 325 3201   13
 10100000.0 .062323250 10200000.0 .062662790 10300000.0 .062675160 325 3201   14
 10400000.0 .063111000 10500000.0 .063716800 10700000.0 .066613900 325 3201   15
 10900000.0 .070619030 11000000.0 .072501200 11100000.0 .074196700 325 3201   16
 11200000.0 .074980200 11264600.0 .075156750 11300000.0 .075389620 325 3201   17
 11400000.0 .075253730 11500000.0 .074231050 11600000.0 .073774300 325 3201   18
 11700000.0 .073948500 11800000.0 .074722400 11900000.0 .075855600 325 3201   19
 12000000.0 .076702400 12100000.0 .076317800 12300000.0 .074895200 325 3201   20
 12500000.0 .074490790 12700000.0 .074983300 12800000.0 .075549590 325 3201   21
 12900000.0 .076366470 13000000.0 .077474680 13100000.0 .079030810 325 3201   22
 13200000.0 .080861420 13300000.0 .082995860 13400000.0 .084923520 325 3201   23
 13500000.0 .086378960 13600000.0 .087029010 13800000.0 .087304820 325 3201   24
 13900000.0 .087583960 14000000.0 .088087420 14100000.0 .088878090 325 3201   25
 14200000.0 .089860090 14400000.0 .092327400 14615400.0 .095432640 325 3201   26
 14800000.0 .098966370 14900000.0 .099822910 15000000.0 .101399900 325 3201   27
                                                                   325 3  099999
                                                                   325 0  0    0
                                                                     0 0  0    0
                                                                    -1 0  0    0
