 Create New Section Index (DICTIN 2023-1)
 ------------------------------------------------------------
 ENDF/B Input and Output Data Filenames
 ------------------------------------------------------------
 FIXUP.OUT                                                               
 DICTIN.OUT                                                              
 ------------------------------------------------------------
 First Pass. Reading ENDF/B Data
 ------------------------------------------------------------
  MAT   Messages
 ------------------------------------------------------------
  325
 ------------------------------------------------------------
 Second Pass. Creating New Index
 ------------------------------------------------------------
 ENDF/B  MAT MF  MT  Lines  Mod
 Format
 ------------------------------------------------------------
  VI     325  1 451    166    1
         325  3   2     14    1
         325  3   5     12    1
         325  3  45     22    0
         325  3  50     27    0
         325  3  51     20    0
         325  3  52     15    0
         325  3  53     13    0
         325  3 201     27    0
 ------------------------------------------------------------
 Original Line Count    336
 Final Line Count       330
 ------------------------------------------------------------
 ===============================================================================
 DICTIN   Total Execution Time                0.00 Seconds
 ===============================================================================
