

 Convert ENDF Data to Standard FORTRAN, C and C++ Format
             Program ENDF2C (Version 2023-1)
 -------------------------------------------------------------------------------
 ENDF Input and OutOut Filenames
 ENDFB.IN    
 ENDFB.OUT   
 -------------------------------------------------------------------------------
 ENDF Tape Label (TPID)
 -------------------------------------------------------------------------------
   JENDL-5  Li-  6                                                   0 0  0    0
 -------------------------------------------------------------------------------
 Input       Output         Fractional Diff.    MAT MF  MT  Seq# Format
 -------------------------------------------------------------------------------
 -6.421074-6 -6.42107E-6    6.229487464657D-07  325  3   2     4    6
 -9.425088-4 -9.42509E-4   -2.121996101891D-07  325  6   2   463    6
 -1.972491-5 -1.97249E-5    5.069731623972D-07  325  6  51     8    6
 -1.972491-5 -1.97249E-5    5.069731623972D-07  325  6  51    10    6
 -3.607177-4 -3.60718E-4   -8.316752962050D-07  325  6  51    14    6
 -6.148199-4 -6.14820E-4   -1.626492570030D-07  325  6  51    16    6
 -6.990343-4 -6.99034E-4    4.291634902520D-07  325  6  51    16    6
 -1.141153-6 -1.14115E-6    2.628920048294D-06  325  6  51    20    6
 -4.049827-6 -4.04983E-6   -7.407723835786D-07  325  6  51    22    6
 -8.330618-6 -8.33062E-6   -2.400782271470D-07  325  6  51    24    6
 -1.414643-5 -1.41464E-5    2.120676382692D-06  325  6  51    26    6
 -2.142005-5 -2.14201E-5   -2.334261591365D-06  325  6  51    29    6
 -3.074747-5 -3.07475E-5   -9.756900324514D-07  325  6  51    32    6
 -4.146258-5 -4.14626E-5   -4.823626508866D-07  325  6  51    35    6
 -2.955141-5 -2.95514E-5    3.383933286876D-07  325  6  52     8    6
 -2.955141-5 -2.95514E-5    3.383933286876D-07  325  6  52    10    6
 -1.241893-4 -1.24189E-4    2.415667050390D-06  325  6  52    12    6
 -2.649387-4 -2.64939E-4   -1.132337404818D-06  325  6  52    14    6
 -3.286815-6 -3.28682E-6   -1.521229518652D-06  325  6  52    14    6
 -7.610433-6 -7.61043E-6    3.941957046365D-07  325  6  52    16    6
 -6.083976-4 -6.08398E-4   -6.574647893410D-07  325  6  52    18    6
 -1.398922-5 -1.39892E-5    1.429672276082D-06  325  6  52    18    6
 -2.234849-5 -2.23485E-5   -4.474575240072D-07  325  6  52    20    6
 -3.250216-5 -3.25022E-5   -1.230687437475D-06  325  6  52    22    6
 -4.441581-5 -4.44158E-5    2.251450551937D-07  325  6  52    24    6
 -5.761251-5 -5.76125E-5    1.735734130300D-07  325  6  52    26    6
 -1.493885-6 -1.49389E-6   -3.346977846446D-06  325  6  52    27    6
 -2.105584-6 -2.10558E-6    1.899710483974D-06  325  6  53    16    6
 -3.972073-6 -3.97207E-6    7.552731281301D-07  325  6  53    18    6
 -2.372115-5 -2.37212E-5   -2.107823608894D-06  325  6  53    20    6
 -6.458986-6 -6.45899E-6   -6.192922542502D-07  325  6  53    20    6
 -4.833416-5 -4.83342E-5   -8.275720526186D-07  325  6  53    22    6
 -9.429997-6 -9.43000E-6   -3.181337173141D-07  325  6  53    22    6
 -8.476696-5 -8.47670E-5   -4.718819691398D-07  325  6  53    24    6
 -1.286664-5 -1.28666E-5    3.108814733249D-06  325  6  53    24    6
 ===============================================================================
 ENDF2C   Total Execution Time                0.22 Seconds
 ===============================================================================
