


 Plot Evaluated Data from the ENDF/B Format (EVALPLOT 2023-1)
 ------------------------------------------------------------------------
 Description of Plotter and Plots per Frame
 ------------------------------------------------------------------------
 X Dimensions (X-Min to X-Max)-----------------     0.0000 to     13.0000 Inches
 Y Dimensions (Y-Min to Y-Max)-----------------     0.0000 to     10.5000 Inches
 Layout of Plots per Frame (X by Y)------------          1 by           1
 Character Size Multiplier---------------------       1.50
 ------------------------------------------------------------------------
 ENDF/B Data Filename
------------------------------------------------------------------------
 DICTIN.OUT                                                              
 ------------------------------------------------------------------------
 ------------------------------------------------------------------------
 Input Parameters
 ------------------------------------------------------------------------
 Retrieval Criteria----------------------------        MAT
 Grid Type-------------------------------------Tick Marks      
 Should Border be Plotted on Each Plot---------         No
 Line Thickness--------------------------------          0
 Cross Section Temperature on Plots------------        Yes
 Mimimum Ratio of Y Min to Max Range of Plot--- 1.0000E-20
 On Screen Background Color--------------------Black
 ------------------------------------------------------------------------
 Request Ranges
 ------------------------------------------------------------------------
         Mimimum                      Maximum          
    MAT MF  MT Energy-eV         MAT MF  MT Energy-eV    Type
 ------------------------------------------------------------------------
      1  3   4 0.0              9999  3 999 0.0             1
 ------------------------------------------------------------------------
 Tape Label
 ------------------------------------------------------------------------
    JENDL-5  Be-  9                                                7000
 ------------------------------------------------------------------------
 Plot Report
 ------------------------------------------------------------------------
                    Tables by MF                 Plots by MF
 ------------------------------------------------------------------------
 Material      MAT   3   4   5  10  15  23  27*   3   4   5  10  15  23  27
 ------------------------------------------------------------------------
   4-Be-9      425   8   0   0   0   0   0   0*   1   0   0   0   0   0   0
 ------------------------------------------------------------------------
 Totals              8   0   0   0   0   0   0*   1   0   0   0   0   0   0
 ------------------------------------------------------------------------
 ------------------------------------------------------------------------------
 All Cross Sections Read. Maximum Tabulated Energy =  15000000.0 eV
 ------------------------------------------------------------------------------
 ===============================================================================
 EVALPLOT Total Execution Time                0.03 Seconds
 ===============================================================================
